[0.965s] Invoking command in '/home/krri/HDD/Krri_tools/tools/view_cam/src/view_cam': PYTHONPATH=/home/krri/HDD/Krri_tools/tools/view_cam/install/view_cam/lib/python3.8/site-packages:${PYTHONPATH} /usr/bin/python3 setup.py egg_info --egg-base ../../build/view_cam build --build-base /home/krri/HDD/Krri_tools/tools/view_cam/build/view_cam/build install --prefix /home/krri/HDD/Krri_tools/tools/view_cam/install/view_cam --record /home/krri/HDD/Krri_tools/tools/view_cam/build/view_cam/install.log --single-version-externally-managed
[1.277s] running egg_info
[1.278s] writing ../../build/view_cam/view_cam.egg-info/PKG-INFO
[1.278s] writing dependency_links to ../../build/view_cam/view_cam.egg-info/dependency_links.txt
[1.278s] writing entry points to ../../build/view_cam/view_cam.egg-info/entry_points.txt
[1.278s] writing requirements to ../../build/view_cam/view_cam.egg-info/requires.txt
[1.278s] writing top-level names to ../../build/view_cam/view_cam.egg-info/top_level.txt
[1.307s] reading manifest file '../../build/view_cam/view_cam.egg-info/SOURCES.txt'
[1.308s] writing manifest file '../../build/view_cam/view_cam.egg-info/SOURCES.txt'
[1.308s] running build
[1.308s] running build_py
[1.309s] copying view_cam/toimage.py -> /home/krri/HDD/Krri_tools/tools/view_cam/build/view_cam/build/lib/view_cam
[1.309s] running install
[1.310s] running install_lib
[1.311s] copying /home/krri/HDD/Krri_tools/tools/view_cam/build/view_cam/build/lib/view_cam/toimage.py -> /home/krri/HDD/Krri_tools/tools/view_cam/install/view_cam/lib/python3.8/site-packages/view_cam
[1.312s] byte-compiling /home/krri/HDD/Krri_tools/tools/view_cam/install/view_cam/lib/python3.8/site-packages/view_cam/toimage.py to toimage.cpython-38.pyc
[1.313s] running install_data
[1.314s] running install_egg_info
[1.315s] removing '/home/krri/HDD/Krri_tools/tools/view_cam/install/view_cam/lib/python3.8/site-packages/view_cam-0.0.0-py3.8.egg-info' (and everything under it)
[1.316s] Copying ../../build/view_cam/view_cam.egg-info to /home/krri/HDD/Krri_tools/tools/view_cam/install/view_cam/lib/python3.8/site-packages/view_cam-0.0.0-py3.8.egg-info
[1.318s] running install_scripts
[1.334s] Installing toimg script to /home/krri/HDD/Krri_tools/tools/view_cam/install/view_cam/lib/view_cam
[1.334s] writing list of installed files to '/home/krri/HDD/Krri_tools/tools/view_cam/build/view_cam/install.log'
[1.352s] Invoked command in '/home/krri/HDD/Krri_tools/tools/view_cam/src/view_cam' returned '0': PYTHONPATH=/home/krri/HDD/Krri_tools/tools/view_cam/install/view_cam/lib/python3.8/site-packages:${PYTHONPATH} /usr/bin/python3 setup.py egg_info --egg-base ../../build/view_cam build --build-base /home/krri/HDD/Krri_tools/tools/view_cam/build/view_cam/build install --prefix /home/krri/HDD/Krri_tools/tools/view_cam/install/view_cam --record /home/krri/HDD/Krri_tools/tools/view_cam/build/view_cam/install.log --single-version-externally-managed
