[1.190s] Invoking command in '/home/krri/HDD/Krri_tools/tools/view_cam/src/view_cam': PYTHONPATH=/home/krri/HDD/Krri_tools/tools/view_cam/install/view_cam/lib/python3.8/site-packages:${PYTHONPATH} /usr/bin/python3 setup.py egg_info --egg-base ../../build/view_cam build --build-base /home/krri/HDD/Krri_tools/tools/view_cam/build/view_cam/build install --prefix /home/krri/HDD/Krri_tools/tools/view_cam/install/view_cam --record /home/krri/HDD/Krri_tools/tools/view_cam/build/view_cam/install.log --single-version-externally-managed
[1.619s] running egg_info
[1.620s] writing ../../build/view_cam/view_cam.egg-info/PKG-INFO
[1.620s] writing dependency_links to ../../build/view_cam/view_cam.egg-info/dependency_links.txt
[1.620s] writing entry points to ../../build/view_cam/view_cam.egg-info/entry_points.txt
[1.621s] writing requirements to ../../build/view_cam/view_cam.egg-info/requires.txt
[1.621s] writing top-level names to ../../build/view_cam/view_cam.egg-info/top_level.txt
[1.653s] reading manifest file '../../build/view_cam/view_cam.egg-info/SOURCES.txt'
[1.654s] writing manifest file '../../build/view_cam/view_cam.egg-info/SOURCES.txt'
[1.654s] running build
[1.654s] running build_py
[1.655s] running install
[1.655s] running install_lib
[1.657s] running install_data
[1.658s] running install_egg_info
[1.660s] removing '/home/krri/HDD/Krri_tools/tools/view_cam/install/view_cam/lib/python3.8/site-packages/view_cam-0.0.0-py3.8.egg-info' (and everything under it)
[1.660s] Copying ../../build/view_cam/view_cam.egg-info to /home/krri/HDD/Krri_tools/tools/view_cam/install/view_cam/lib/python3.8/site-packages/view_cam-0.0.0-py3.8.egg-info
[1.663s] running install_scripts
[1.685s] Installing toimg script to /home/krri/HDD/Krri_tools/tools/view_cam/install/view_cam/lib/view_cam
[1.685s] writing list of installed files to '/home/krri/HDD/Krri_tools/tools/view_cam/build/view_cam/install.log'
[1.708s] Invoked command in '/home/krri/HDD/Krri_tools/tools/view_cam/src/view_cam' returned '0': PYTHONPATH=/home/krri/HDD/Krri_tools/tools/view_cam/install/view_cam/lib/python3.8/site-packages:${PYTHONPATH} /usr/bin/python3 setup.py egg_info --egg-base ../../build/view_cam build --build-base /home/krri/HDD/Krri_tools/tools/view_cam/build/view_cam/build install --prefix /home/krri/HDD/Krri_tools/tools/view_cam/install/view_cam --record /home/krri/HDD/Krri_tools/tools/view_cam/build/view_cam/install.log --single-version-externally-managed
