[0.956s] Invoking command in '/home/krri/HDD/Krri_tools/tools/view_cam/src/view_cam': PYTHONPATH=/home/krri/HDD/Krri_tools/tools/view_cam/install/view_cam/lib/python3.8/site-packages:${PYTHONPATH} /usr/bin/python3 setup.py egg_info --egg-base ../../build/view_cam build --build-base /home/krri/HDD/Krri_tools/tools/view_cam/build/view_cam/build install --prefix /home/krri/HDD/Krri_tools/tools/view_cam/install/view_cam --record /home/krri/HDD/Krri_tools/tools/view_cam/build/view_cam/install.log --single-version-externally-managed
[1.264s] running egg_info
[1.265s] writing ../../build/view_cam/view_cam.egg-info/PKG-INFO
[1.265s] writing dependency_links to ../../build/view_cam/view_cam.egg-info/dependency_links.txt
[1.265s] writing entry points to ../../build/view_cam/view_cam.egg-info/entry_points.txt
[1.266s] writing requirements to ../../build/view_cam/view_cam.egg-info/requires.txt
[1.266s] writing top-level names to ../../build/view_cam/view_cam.egg-info/top_level.txt
[1.294s] reading manifest file '../../build/view_cam/view_cam.egg-info/SOURCES.txt'
[1.295s] writing manifest file '../../build/view_cam/view_cam.egg-info/SOURCES.txt'
[1.295s] running build
[1.295s] running build_py
[1.296s] running install
[1.296s] running install_lib
[1.298s] running install_data
[1.299s] running install_egg_info
[1.300s] removing '/home/krri/HDD/Krri_tools/tools/view_cam/install/view_cam/lib/python3.8/site-packages/view_cam-0.0.0-py3.8.egg-info' (and everything under it)
[1.301s] Copying ../../build/view_cam/view_cam.egg-info to /home/krri/HDD/Krri_tools/tools/view_cam/install/view_cam/lib/python3.8/site-packages/view_cam-0.0.0-py3.8.egg-info
[1.303s] running install_scripts
[1.319s] Installing toimg script to /home/krri/HDD/Krri_tools/tools/view_cam/install/view_cam/lib/view_cam
[1.319s] writing list of installed files to '/home/krri/HDD/Krri_tools/tools/view_cam/build/view_cam/install.log'
[1.338s] Invoked command in '/home/krri/HDD/Krri_tools/tools/view_cam/src/view_cam' returned '0': PYTHONPATH=/home/krri/HDD/Krri_tools/tools/view_cam/install/view_cam/lib/python3.8/site-packages:${PYTHONPATH} /usr/bin/python3 setup.py egg_info --egg-base ../../build/view_cam build --build-base /home/krri/HDD/Krri_tools/tools/view_cam/build/view_cam/build install --prefix /home/krri/HDD/Krri_tools/tools/view_cam/install/view_cam --record /home/krri/HDD/Krri_tools/tools/view_cam/build/view_cam/install.log --single-version-externally-managed
